<?xml version="1.0" encoding="UTF-8"?>
<!-- Generated by org.testng.reporters.JUnitReportReporter -->
<testsuite hostname="ESRAs-iMac.local" failures="0" tests="4" name="com.dice.TaskTest" time="16.794" errors="0" timestamp="07 Dec 2018 05:38:50 GMT" skipped="0">
  <testcase classname="com.dice.TaskTest" name="verifyTitle" time="0.011"/>
  <testcase classname="com.dice.TaskTest" name="searchJob" time="5.747"/>
  <testcase classname="com.dice.TaskTest" name="searchJob" time="6.118"/>
  <testcase classname="com.dice.TaskTest" name="searchJob" time="4.918"/>
</testsuite> <!-- com.dice.TaskTest -->
