<?xml version="1.0" encoding="UTF-8"?>
<!-- Generated by org.testng.reporters.JUnitReportReporter -->
<testsuite hostname="ESRAs-iMac.local" failures="0" tests="4" name="com.dice.Task" time="18.995" errors="0" timestamp="07 Dec 2018 04:55:32 GMT" skipped="0">
  <testcase classname="com.dice.Task" name="verifyTitle" time="0.033"/>
  <testcase classname="com.dice.Task" name="searchJob" time="6.540"/>
  <testcase classname="com.dice.Task" name="searchJob" time="7.154"/>
  <testcase classname="com.dice.Task" name="searchJob" time="5.268"/>
</testsuite> <!-- com.dice.Task -->
