<?xml version="1.0" encoding="UTF-8"?>
<!-- Generated by org.testng.reporters.JUnitReportReporter -->
<testsuite skipped="0" hostname="ESRAs-iMac.local" name="com.cybertek.ExcelTaskTest" tests="6" failures="0" timestamp="09 Dec 2018 20:57:23 GMT" time="36.152" errors="0">
  <testcase name="testCase" time="3.985" classname="com.cybertek.ExcelTaskTest"/>
  <testcase name="testCase" time="6.174" classname="com.cybertek.ExcelTaskTest"/>
  <testcase name="testCase" time="4.053" classname="com.cybertek.ExcelTaskTest"/>
  <testcase name="testCase" time="6.786" classname="com.cybertek.ExcelTaskTest"/>
  <testcase name="testCase" time="4.911" classname="com.cybertek.ExcelTaskTest"/>
  <testcase name="settingData" time="10.243" classname="com.cybertek.ExcelTaskTest"/>
</testsuite> <!-- com.cybertek.ExcelTaskTest -->
